Arguments: 
  C:\Program Files\nodejs\node.exe C:\Program Files (x86)\Yarn\bin\yarn.js init

PATH: 
  C:\Program Files\Common Files\Oracle\Java\javapath;C:\Windows\system32;C:\Windows;C:\Windows\System32\Wbem;C:\Windows\System32\WindowsPowerShell\v1.0\;C:\Windows\System32\OpenSSH\;C:\Program Files\nodejs\;C:\Program Files\Git\cmd;C:\Program Files (x86)\Yarn\bin\;C:\Program Files\Docker\Docker\resources\bin;C:\Program Files\Go\bin;C:\Users\Maxtar\.cargo\bin;C:\Users\Maxtar\AppData\Local\Programs\Python\Python312\Scripts\;C:\Users\Maxtar\AppData\Local\Programs\Python\Python312\;C:\Users\Maxtar\AppData\Local\Microsoft\WindowsApps;C:\Users\Maxtar\AppData\Local\Programs\Microsoft VS Code\bin;C:\Users\Maxtar\AppData\Roaming\npm;C:\Users\Maxtar\AppData\Local\Yarn\bin;C:\Users\Maxtar\go\bin;C:\Users\Maxtar\AppData\Local\JetBrains\Toolbox\scripts;C:\Users\Maxtar\go\bin

Yarn version: 
  1.22.19

Node version: 
  20.10.0

Platform: 
  win32 x64

Trace: 
  Error: canceled
      at Interface.<anonymous> (C:\Program Files (x86)\Yarn\lib\cli.js:137150:13)
      at Interface.emit (node:events:514:28)
      at [_ttyWrite] [as _ttyWrite] (node:internal/readline/interface:1125:18)
      at ReadStream.onkeypress (node:internal/readline/interface:264:20)
      at ReadStream.emit (node:events:514:28)
      at emitKeys (node:internal/readline/utils:371:14)
      at emitKeys.next (<anonymous>)
      at ReadStream.onData (node:internal/readline/emitKeypressEvents:64:36)
      at ReadStream.emit (node:events:514:28)
      at addChunk (node:internal/streams/readable:545:12)

npm manifest: 
  No manifest

yarn manifest: 
  No manifest

Lockfile: 
  No lockfile
